2016-01-28 21:51:10 DEBUG WorkAppMainServer:98 dhgovindaraj-VirtualBox:2807 configFile:/home/dhgovindaraj/Documents/git_clone/WorkApp/WorkAppServer/config/dev_config.properties
2016-01-28 21:51:10 DEBUG WorkAppMainServer:98 dhgovindaraj-VirtualBox:2807 log4jPropFile:/home/dhgovindaraj/Documents/git_clone/WorkApp/WorkAppServer/config/log4j.properties
2016-01-28 21:51:10 DEBUG WorkAppMainServer:98 dhgovindaraj-VirtualBox:2807 logLevel:debug
2016-01-28 21:51:10 DEBUG WorkAppMainServer:98 dhgovindaraj-VirtualBox:2807 mode:rest
2016-01-28 21:51:10 DEBUG WorkAppMainServer:98 dhgovindaraj-VirtualBox:2807 port:8080
2016-01-28 21:51:10 DEBUG WorkAppMainServer:98 dhgovindaraj-VirtualBox:2807 trackAllocation:false
2016-01-28 21:51:10 DEBUG WorkAppMainServer:98 dhgovindaraj-VirtualBox:2807 detectJARClash:false
2016-01-28 21:51:10 DEBUG WorkAppMainServer:98 dhgovindaraj-VirtualBox:2807 dbConfigFile:/home/dhgovindaraj/Documents/git_clone/WorkApp/WorkAppServer/config/dbconfig.properties
2016-01-28 21:51:10 DEBUG WorkAppMainServer:98 dhgovindaraj-VirtualBox:2807 schemaFile:null
2016-01-28 21:51:10 DEBUG WorkAppMainServer:98 dhgovindaraj-VirtualBox:2807 database:jdbc:mysql://localhost:3306/
2016-01-28 21:51:10 DEBUG WorkAppMainServer:98 dhgovindaraj-VirtualBox:2807 dbUser:root
2016-01-28 21:51:10 DEBUG WorkAppMainServer:98 dhgovindaraj-VirtualBox:2807 dbPassword:password
2016-01-28 21:51:10 DEBUG WorkAppMainServer:98 dhgovindaraj-VirtualBox:2807 dbSchema:workapp
2016-01-28 21:51:10 DEBUG WorkAppMainServer:98 dhgovindaraj-VirtualBox:2807 dbPoolSize:20
2016-01-28 21:51:10 DEBUG WorkAppMySQLConnectionManager:98 dhgovindaraj-VirtualBox:2807 Attempting to connect to db at: jdbc:mysql://localhost:3306/workapp
2016-01-28 21:51:10 DEBUG log:176 dhgovindaraj-VirtualBox:2807 Logging to org.slf4j.impl.Log4jLoggerAdapter(org.eclipse.jetty.util.log) via org.eclipse.jetty.util.log.Slf4jLog
2016-01-28 21:51:10 INFO  log:186 dhgovindaraj-VirtualBox:2807 Logging initialized @4235ms
2016-01-28 21:51:11 DEBUG ContainerLifeCycle:324 dhgovindaraj-VirtualBox:2807 org.eclipse.jetty.server.session.SessionHandler@4dbb42b7 added {org.eclipse.jetty.server.session.HashSessionManager@66f57048,AUTO}
2016-01-28 21:51:11 DEBUG ContainerLifeCycle:324 dhgovindaraj-VirtualBox:2807 o.e.j.s.ServletContextHandler@550dbc7a{/,null,null} added {org.eclipse.jetty.server.session.SessionHandler@4dbb42b7,AUTO}
2016-01-28 21:51:11 DEBUG ContainerLifeCycle:324 dhgovindaraj-VirtualBox:2807 org.eclipse.jetty.server.session.SessionHandler@4dbb42b7 added {org.eclipse.jetty.servlet.ServletHandler@6bd61f98,AUTO}
2016-01-28 21:51:11 DEBUG ContainerLifeCycle:324 dhgovindaraj-VirtualBox:2807 org.eclipse.jetty.server.Server@738dc9b added {qtp477533894{STOPPED,8<=0<=200,i=0,q=0},AUTO}
2016-01-28 21:51:11 DEBUG ContainerLifeCycle:324 dhgovindaraj-VirtualBox:2807 HttpConnectionFactory@75437611[HTTP/1.1] added {HttpConfiguration@350aac89{32768/8192,8192/8192,https://:0,[]},POJO}
2016-01-28 21:51:11 DEBUG ContainerLifeCycle:324 dhgovindaraj-VirtualBox:2807 ServerConnector@7f485fda{null,[]}{0.0.0.0:0} added {org.eclipse.jetty.server.Server@738dc9b,UNMANAGED}
2016-01-28 21:51:11 DEBUG ContainerLifeCycle:324 dhgovindaraj-VirtualBox:2807 ServerConnector@7f485fda{null,[]}{0.0.0.0:0} added {qtp477533894{STOPPED,8<=0<=200,i=0,q=0},AUTO}
2016-01-28 21:51:11 DEBUG ContainerLifeCycle:324 dhgovindaraj-VirtualBox:2807 ServerConnector@7f485fda{null,[]}{0.0.0.0:0} added {org.eclipse.jetty.util.thread.ScheduledExecutorScheduler@4c60d6e9,AUTO}
2016-01-28 21:51:11 DEBUG ContainerLifeCycle:324 dhgovindaraj-VirtualBox:2807 ServerConnector@7f485fda{null,[]}{0.0.0.0:0} added {org.eclipse.jetty.io.ArrayByteBufferPool@28261e8e,POJO}
2016-01-28 21:51:11 DEBUG ContainerLifeCycle:324 dhgovindaraj-VirtualBox:2807 ServerConnector@7f485fda{null,[http/1.1]}{0.0.0.0:0} added {HttpConnectionFactory@75437611[HTTP/1.1],AUTO}
2016-01-28 21:51:11 DEBUG ServerConnector:393 dhgovindaraj-VirtualBox:2807 ServerConnector@7f485fda{HTTP/1.1,[http/1.1]}{0.0.0.0:0} added HttpConnectionFactory@75437611[HTTP/1.1]
2016-01-28 21:51:11 DEBUG ContainerLifeCycle:324 dhgovindaraj-VirtualBox:2807 ServerConnector@7f485fda{HTTP/1.1,[http/1.1]}{0.0.0.0:0} added {org.eclipse.jetty.server.ServerConnector$ServerConnectorManager@3ba987b8,MANAGED}
2016-01-28 21:51:11 DEBUG ContainerLifeCycle:324 dhgovindaraj-VirtualBox:2807 org.eclipse.jetty.server.Server@738dc9b added {ServerConnector@7f485fda{HTTP/1.1,[http/1.1]}{0.0.0.0:8080},AUTO}
2016-01-28 21:51:11 DEBUG ContainerLifeCycle:324 dhgovindaraj-VirtualBox:2807 org.eclipse.jetty.server.Server@738dc9b added {o.e.j.s.ServletContextHandler@550dbc7a{/,null,null},AUTO}
2016-01-28 21:51:11 DEBUG ContainerLifeCycle:324 dhgovindaraj-VirtualBox:2807 org.eclipse.jetty.servlet.ServletHandler@6bd61f98 added {org.glassfish.jersey.servlet.ServletContainer-723ca036@dbf9d44b==org.glassfish.jersey.servlet.ServletContainer,-1,false,AUTO}
2016-01-28 21:51:11 DEBUG ContainerLifeCycle:324 dhgovindaraj-VirtualBox:2807 org.eclipse.jetty.servlet.ServletHandler@6bd61f98 added {[/*]=>org.glassfish.jersey.servlet.ServletContainer-723ca036,POJO}
2016-01-28 21:51:11 DEBUG AbstractLifeCycle:185 dhgovindaraj-VirtualBox:2807 starting org.eclipse.jetty.server.Server@738dc9b
2016-01-28 21:51:11 INFO  Server:339 dhgovindaraj-VirtualBox:2807 jetty-9.3.0.M2
2016-01-28 21:51:11 DEBUG AbstractHandler:58 dhgovindaraj-VirtualBox:2807 starting org.eclipse.jetty.server.Server@738dc9b
2016-01-28 21:51:11 DEBUG AbstractLifeCycle:185 dhgovindaraj-VirtualBox:2807 starting qtp477533894{STOPPED,8<=0<=200,i=0,q=0}
2016-01-28 21:51:11 DEBUG AbstractLifeCycle:177 dhgovindaraj-VirtualBox:2807 STARTED @5113ms qtp477533894{STARTED,8<=8<=200,i=7,q=0}
2016-01-28 21:51:11 DEBUG AbstractLifeCycle:185 dhgovindaraj-VirtualBox:2807 starting o.e.j.s.ServletContextHandler@550dbc7a{/,null,null}
2016-01-28 21:51:11 DEBUG PreEncodedHttpField:65 dhgovindaraj-VirtualBox:2807 HttpField encoders loaded: [org.eclipse.jetty.http.Http1FieldPreEncoder@15a34df2]
2016-01-28 21:51:11 DEBUG AbstractHandler:58 dhgovindaraj-VirtualBox:2807 starting o.e.j.s.ServletContextHandler@550dbc7a{/,null,STARTING}
2016-01-28 21:51:11 DEBUG AbstractLifeCycle:185 dhgovindaraj-VirtualBox:2807 starting org.eclipse.jetty.server.session.SessionHandler@4dbb42b7
2016-01-28 21:51:11 DEBUG AbstractHandler:58 dhgovindaraj-VirtualBox:2807 starting org.eclipse.jetty.server.session.SessionHandler@4dbb42b7
2016-01-28 21:51:11 DEBUG AbstractLifeCycle:185 dhgovindaraj-VirtualBox:2807 starting org.eclipse.jetty.server.session.HashSessionManager@66f57048
2016-01-28 21:51:11 DEBUG ContainerLifeCycle:324 dhgovindaraj-VirtualBox:2807 org.eclipse.jetty.server.session.HashSessionManager@66f57048 added {org.eclipse.jetty.util.thread.ScheduledExecutorScheduler@480d3575,MANAGED}
2016-01-28 21:51:11 DEBUG AbstractLifeCycle:185 dhgovindaraj-VirtualBox:2807 starting org.eclipse.jetty.server.session.HashSessionIdManager@1a4927d6
2016-01-28 21:51:11 DEBUG AbstractLifeCycle:177 dhgovindaraj-VirtualBox:2807 STARTED @5338ms org.eclipse.jetty.server.session.HashSessionIdManager@1a4927d6
2016-01-28 21:51:11 DEBUG ContainerLifeCycle:324 dhgovindaraj-VirtualBox:2807 org.eclipse.jetty.server.Server@738dc9b added {org.eclipse.jetty.server.session.HashSessionIdManager@1a4927d6,MANAGED}
2016-01-28 21:51:11 DEBUG ContainerLifeCycle:324 dhgovindaraj-VirtualBox:2807 org.eclipse.jetty.server.session.HashSessionManager@66f57048 added {org.eclipse.jetty.server.session.HashSessionIdManager@1a4927d6,UNMANAGED}
2016-01-28 21:51:11 DEBUG AbstractLifeCycle:185 dhgovindaraj-VirtualBox:2807 starting org.eclipse.jetty.util.thread.ScheduledExecutorScheduler@480d3575
2016-01-28 21:51:12 DEBUG AbstractLifeCycle:177 dhgovindaraj-VirtualBox:2807 STARTED @5413ms org.eclipse.jetty.util.thread.ScheduledExecutorScheduler@480d3575
2016-01-28 21:51:12 DEBUG AbstractLifeCycle:177 dhgovindaraj-VirtualBox:2807 STARTED @5463ms org.eclipse.jetty.server.session.HashSessionManager@66f57048
2016-01-28 21:51:12 DEBUG AbstractLifeCycle:185 dhgovindaraj-VirtualBox:2807 starting org.eclipse.jetty.servlet.ServletHandler@6bd61f98
2016-01-28 21:51:12 DEBUG ServletHandler:1495 dhgovindaraj-VirtualBox:2807 Chose path=/* mapped to servlet=org.glassfish.jersey.servlet.ServletContainer-723ca036 from default=false
2016-01-28 21:51:12 DEBUG ServletHandler:1516 dhgovindaraj-VirtualBox:2807 filterNameMap={}
2016-01-28 21:51:12 DEBUG ServletHandler:1517 dhgovindaraj-VirtualBox:2807 pathFilters=null
2016-01-28 21:51:12 DEBUG ServletHandler:1518 dhgovindaraj-VirtualBox:2807 servletFilterMap=null
2016-01-28 21:51:12 DEBUG ServletHandler:1519 dhgovindaraj-VirtualBox:2807 servletPathMap={/*=org.glassfish.jersey.servlet.ServletContainer-723ca036@dbf9d44b==org.glassfish.jersey.servlet.ServletContainer,0,false}
2016-01-28 21:51:12 DEBUG ServletHandler:1520 dhgovindaraj-VirtualBox:2807 servletNameMap={org.glassfish.jersey.servlet.ServletContainer-723ca036=org.glassfish.jersey.servlet.ServletContainer-723ca036@dbf9d44b==org.glassfish.jersey.servlet.ServletContainer,0,false}
2016-01-28 21:51:12 DEBUG ServletHandler:165 dhgovindaraj-VirtualBox:2807 Adding Default404Servlet to org.eclipse.jetty.servlet.ServletHandler@6bd61f98
2016-01-28 21:51:12 DEBUG ContainerLifeCycle:324 dhgovindaraj-VirtualBox:2807 org.eclipse.jetty.servlet.ServletHandler@6bd61f98 added {org.eclipse.jetty.servlet.ServletHandler$Default404Servlet-7dfd3c81@c20ba28==org.eclipse.jetty.servlet.ServletHandler$Default404Servlet,-1,false,AUTO}
2016-01-28 21:51:12 DEBUG ContainerLifeCycle:324 dhgovindaraj-VirtualBox:2807 org.eclipse.jetty.servlet.ServletHandler@6bd61f98 added {[/]=>org.eclipse.jetty.servlet.ServletHandler$Default404Servlet-7dfd3c81,POJO}
2016-01-28 21:51:12 DEBUG ServletHandler:1495 dhgovindaraj-VirtualBox:2807 Chose path=/* mapped to servlet=org.glassfish.jersey.servlet.ServletContainer-723ca036 from default=false
2016-01-28 21:51:12 DEBUG ServletHandler:1495 dhgovindaraj-VirtualBox:2807 Chose path=/ mapped to servlet=org.eclipse.jetty.servlet.ServletHandler$Default404Servlet-7dfd3c81 from default=false
2016-01-28 21:51:12 DEBUG ServletHandler:1516 dhgovindaraj-VirtualBox:2807 filterNameMap={}
2016-01-28 21:51:12 DEBUG ServletHandler:1517 dhgovindaraj-VirtualBox:2807 pathFilters=null
2016-01-28 21:51:12 DEBUG ServletHandler:1518 dhgovindaraj-VirtualBox:2807 servletFilterMap=null
2016-01-28 21:51:12 DEBUG ServletHandler:1519 dhgovindaraj-VirtualBox:2807 servletPathMap={/*=org.glassfish.jersey.servlet.ServletContainer-723ca036@dbf9d44b==org.glassfish.jersey.servlet.ServletContainer,0,false, /=org.eclipse.jetty.servlet.ServletHandler$Default404Servlet-7dfd3c81@c20ba28==org.eclipse.jetty.servlet.ServletHandler$Default404Servlet,-1,false}
2016-01-28 21:51:12 DEBUG ServletHandler:1520 dhgovindaraj-VirtualBox:2807 servletNameMap={org.glassfish.jersey.servlet.ServletContainer-723ca036=org.glassfish.jersey.servlet.ServletContainer-723ca036@dbf9d44b==org.glassfish.jersey.servlet.ServletContainer,0,false, org.eclipse.jetty.servlet.ServletHandler$Default404Servlet-7dfd3c81=org.eclipse.jetty.servlet.ServletHandler$Default404Servlet-7dfd3c81@c20ba28==org.eclipse.jetty.servlet.ServletHandler$Default404Servlet,-1,false}
2016-01-28 21:51:12 DEBUG AbstractHandler:58 dhgovindaraj-VirtualBox:2807 starting org.eclipse.jetty.servlet.ServletHandler@6bd61f98
2016-01-28 21:51:12 DEBUG AbstractLifeCycle:177 dhgovindaraj-VirtualBox:2807 STARTED @5520ms org.eclipse.jetty.servlet.ServletHandler@6bd61f98
2016-01-28 21:51:12 DEBUG AbstractLifeCycle:177 dhgovindaraj-VirtualBox:2807 STARTED @5523ms org.eclipse.jetty.server.session.SessionHandler@4dbb42b7
2016-01-28 21:51:12 DEBUG AbstractLifeCycle:185 dhgovindaraj-VirtualBox:2807 starting org.eclipse.jetty.servlet.ServletHandler$Default404Servlet-7dfd3c81@c20ba28==org.eclipse.jetty.servlet.ServletHandler$Default404Servlet,-1,false
2016-01-28 21:51:12 DEBUG AbstractLifeCycle:177 dhgovindaraj-VirtualBox:2807 STARTED @5560ms org.eclipse.jetty.servlet.ServletHandler$Default404Servlet-7dfd3c81@c20ba28==org.eclipse.jetty.servlet.ServletHandler$Default404Servlet,-1,false
2016-01-28 21:51:12 DEBUG AbstractLifeCycle:185 dhgovindaraj-VirtualBox:2807 starting org.glassfish.jersey.servlet.ServletContainer-723ca036@dbf9d44b==org.glassfish.jersey.servlet.ServletContainer,0,false
2016-01-28 21:51:12 DEBUG BaseHolder:97 dhgovindaraj-VirtualBox:2807 Holding class org.glassfish.jersey.servlet.ServletContainer from sun.misc.Launcher$AppClassLoader@18b4aac2
2016-01-28 21:51:12 DEBUG AbstractLifeCycle:177 dhgovindaraj-VirtualBox:2807 STARTED @5576ms org.glassfish.jersey.servlet.ServletContainer-723ca036@dbf9d44b==org.glassfish.jersey.servlet.ServletContainer,0,false
2016-01-28 21:51:12 DEBUG ServletHolder:612 dhgovindaraj-VirtualBox:2807 Servlet.init org.glassfish.jersey.servlet.ServletContainer@5e3f861 for org.glassfish.jersey.servlet.ServletContainer-723ca036
2016-01-28 21:51:15 INFO  ContextHandler:745 dhgovindaraj-VirtualBox:2807 Started o.e.j.s.ServletContextHandler@550dbc7a{/,null,AVAILABLE}
2016-01-28 21:51:15 DEBUG AbstractLifeCycle:177 dhgovindaraj-VirtualBox:2807 STARTED @9008ms o.e.j.s.ServletContextHandler@550dbc7a{/,null,AVAILABLE}
2016-01-28 21:51:15 DEBUG AbstractLifeCycle:185 dhgovindaraj-VirtualBox:2807 starting ServerConnector@7f485fda{HTTP/1.1,[http/1.1]}{0.0.0.0:8080}
2016-01-28 21:51:15 DEBUG ContainerLifeCycle:324 dhgovindaraj-VirtualBox:2807 ServerConnector@7f485fda{HTTP/1.1,[http/1.1]}{0.0.0.0:8080} added {sun.nio.ch.ServerSocketChannelImpl[/0:0:0:0:0:0:0:0:8080],POJO}
2016-01-28 21:51:15 DEBUG AbstractLifeCycle:185 dhgovindaraj-VirtualBox:2807 starting org.eclipse.jetty.util.thread.ScheduledExecutorScheduler@4c60d6e9
2016-01-28 21:51:15 DEBUG AbstractLifeCycle:177 dhgovindaraj-VirtualBox:2807 STARTED @9170ms org.eclipse.jetty.util.thread.ScheduledExecutorScheduler@4c60d6e9
2016-01-28 21:51:15 DEBUG AbstractLifeCycle:185 dhgovindaraj-VirtualBox:2807 starting HttpConnectionFactory@75437611[HTTP/1.1]
2016-01-28 21:51:15 DEBUG AbstractLifeCycle:177 dhgovindaraj-VirtualBox:2807 STARTED @9176ms HttpConnectionFactory@75437611[HTTP/1.1]
2016-01-28 21:51:15 DEBUG AbstractLifeCycle:185 dhgovindaraj-VirtualBox:2807 starting org.eclipse.jetty.server.ServerConnector$ServerConnectorManager@3ba987b8
2016-01-28 21:51:15 DEBUG AbstractLifeCycle:185 dhgovindaraj-VirtualBox:2807 starting org.eclipse.jetty.io.ManagedSelector@7cab1508 id=0 keys=-1 selected=-1
2016-01-28 21:51:15 DEBUG AbstractLifeCycle:177 dhgovindaraj-VirtualBox:2807 STARTED @9213ms org.eclipse.jetty.io.ManagedSelector@7cab1508 id=0 keys=0 selected=0
2016-01-28 21:51:15 DEBUG QueuedThreadPool:360 dhgovindaraj-VirtualBox:2807 queue org.eclipse.jetty.io.ManagedSelector@7cab1508 id=0 keys=0 selected=0
2016-01-28 21:51:15 DEBUG QueuedThreadPool:558 dhgovindaraj-VirtualBox:2807 run org.eclipse.jetty.io.ManagedSelector@7cab1508 id=0 keys=0 selected=0
2016-01-28 21:51:15 DEBUG ExecuteProduceRun:66 dhgovindaraj-VirtualBox:2807 EPR Idle/org.eclipse.jetty.io.ManagedSelector$SelectorProducer@76ed3c00 execute
2016-01-28 21:51:15 DEBUG ExecuteProduceRun:132 dhgovindaraj-VirtualBox:2807 EPR Prod/org.eclipse.jetty.io.ManagedSelector$SelectorProducer@76ed3c00 produce enter
2016-01-28 21:51:15 DEBUG ExecuteProduceRun:138 dhgovindaraj-VirtualBox:2807 EPR Prod/org.eclipse.jetty.io.ManagedSelector$SelectorProducer@76ed3c00 producing
2016-01-28 21:51:15 DEBUG ManagedSelector:230 dhgovindaraj-VirtualBox:2807 Selector loop waiting on select
2016-01-28 21:51:15 DEBUG AbstractLifeCycle:177 dhgovindaraj-VirtualBox:2807 STARTED @9246ms org.eclipse.jetty.server.ServerConnector$ServerConnectorManager@3ba987b8
2016-01-28 21:51:15 DEBUG ContainerLifeCycle:324 dhgovindaraj-VirtualBox:2807 ServerConnector@7f485fda{HTTP/1.1,[http/1.1]}{0.0.0.0:8080} added {acceptor-0@7bbbb6a8,POJO}
2016-01-28 21:51:15 DEBUG QueuedThreadPool:360 dhgovindaraj-VirtualBox:2807 queue acceptor-0@7bbbb6a8
2016-01-28 21:51:15 DEBUG QueuedThreadPool:558 dhgovindaraj-VirtualBox:2807 run acceptor-0@7bbbb6a8
2016-01-28 21:51:15 INFO  ServerConnector:267 dhgovindaraj-VirtualBox:2807 Started ServerConnector@7f485fda{HTTP/1.1,[http/1.1]}{0.0.0.0:8080}
2016-01-28 21:51:15 DEBUG AbstractLifeCycle:177 dhgovindaraj-VirtualBox:2807 STARTED @9335ms ServerConnector@7f485fda{HTTP/1.1,[http/1.1]}{0.0.0.0:8080}
2016-01-28 21:51:15 INFO  Server:391 dhgovindaraj-VirtualBox:2807 Started @9337ms
2016-01-28 21:51:15 DEBUG AbstractLifeCycle:177 dhgovindaraj-VirtualBox:2807 STARTED @9337ms org.eclipse.jetty.server.Server@738dc9b
2016-01-28 21:51:42 DEBUG session:347 dhgovindaraj-VirtualBox:2807 Scavenging sessions at 1454046702079
2016-01-28 21:51:51 DEBUG ManagedSelector:116 dhgovindaraj-VirtualBox:2807 Queued change org.eclipse.jetty.io.ManagedSelector$Accept@b12f658 on org.eclipse.jetty.io.ManagedSelector@7cab1508 id=0 keys=0 selected=0
2016-01-28 21:51:51 DEBUG ManagedSelector:233 dhgovindaraj-VirtualBox:2807 Selector loop woken up from select, 0/0 selected
2016-01-28 21:51:52 DEBUG ManagedSelector:213 dhgovindaraj-VirtualBox:2807 Running change org.eclipse.jetty.io.ManagedSelector$Accept@b12f658
2016-01-28 21:51:52 DEBUG ManagedSelector:116 dhgovindaraj-VirtualBox:2807 Queued change org.eclipse.jetty.io.ManagedSelector$CreateEndPoint@593829d9 on org.eclipse.jetty.io.ManagedSelector@7cab1508 id=0 keys=1 selected=0
2016-01-28 21:51:52 DEBUG ExecuteProduceRun:143 dhgovindaraj-VirtualBox:2807 EPR Prod/org.eclipse.jetty.io.ManagedSelector$SelectorProducer@76ed3c00 produced org.eclipse.jetty.io.ManagedSelector$CreateEndPoint@593829d9
2016-01-28 21:51:52 DEBUG ExecuteProduceRun:184 dhgovindaraj-VirtualBox:2807 EPR Pend/org.eclipse.jetty.io.ManagedSelector$SelectorProducer@76ed3c00 dispatch
2016-01-28 21:51:52 DEBUG QueuedThreadPool:360 dhgovindaraj-VirtualBox:2807 queue EPR Pend/org.eclipse.jetty.io.ManagedSelector$SelectorProducer@76ed3c00
2016-01-28 21:51:52 DEBUG QueuedThreadPool:558 dhgovindaraj-VirtualBox:2807 run EPR Pend/org.eclipse.jetty.io.ManagedSelector$SelectorProducer@76ed3c00
2016-01-28 21:51:52 DEBUG ExecuteProduceRun:114 dhgovindaraj-VirtualBox:2807 EPR Pend/org.eclipse.jetty.io.ManagedSelector$SelectorProducer@76ed3c00 run
2016-01-28 21:51:52 DEBUG ExecuteProduceRun:132 dhgovindaraj-VirtualBox:2807 EPR Prod/org.eclipse.jetty.io.ManagedSelector$SelectorProducer@76ed3c00 produce enter
2016-01-28 21:51:52 DEBUG ExecuteProduceRun:138 dhgovindaraj-VirtualBox:2807 EPR Prod/org.eclipse.jetty.io.ManagedSelector$SelectorProducer@76ed3c00 producing
2016-01-28 21:51:52 DEBUG ManagedSelector:230 dhgovindaraj-VirtualBox:2807 Selector loop waiting on select
2016-01-28 21:51:52 DEBUG ExecuteProduceRun:190 dhgovindaraj-VirtualBox:2807 EPR Prod/org.eclipse.jetty.io.ManagedSelector$SelectorProducer@76ed3c00 run org.eclipse.jetty.io.ManagedSelector$CreateEndPoint@593829d9
2016-01-28 21:51:52 DEBUG AbstractEndPoint:105 dhgovindaraj-VirtualBox:2807 onOpen SelectChannelEndPoint@717fee5d{/127.0.0.1:39557<->8080,Open,in,out,-,-,13/30000,null}{io=0,kio=0,kro=0}
2016-01-28 21:51:52 DEBUG IdleTimeout:156 dhgovindaraj-VirtualBox:2807 SelectChannelEndPoint@717fee5d{/127.0.0.1:39557<->8080,Open,in,out,-,-,28/30000,null}{io=0,kio=0,kro=0} idle timeout check, elapsed: 28 ms, remaining: 29972 ms
2016-01-28 21:51:52 DEBUG HttpChannel:96 dhgovindaraj-VirtualBox:2807 new HttpChannelOverHttp@14331b30{r=0,c=false,a=IDLE,uri=-} -> SelectChannelEndPoint@717fee5d{/127.0.0.1:39557<->8080,Open,in,out,-,-,458/30000,null}{io=0,kio=0,kro=0},null,HttpChannelState@6046072f{s=IDLE a=null i=true r=!P!U w=false}
2016-01-28 21:51:52 DEBUG HttpConnection:103 dhgovindaraj-VirtualBox:2807 New HTTP Connection HttpConnection@179c2468<--null
2016-01-28 21:51:52 DEBUG AbstractConnection:171 dhgovindaraj-VirtualBox:2807 onOpen HttpConnection@179c2468<--null
2016-01-28 21:51:52 DEBUG AbstractConnection:117 dhgovindaraj-VirtualBox:2807 fillInterested HttpConnection@179c2468<--null
2016-01-28 21:51:52 DEBUG FillInterest:61 dhgovindaraj-VirtualBox:2807 FillInterest@7c68d012{true,AC.ReadCB@179c2468{HttpConnection@179c2468<--null}} register AC.ReadCB@179c2468{HttpConnection@179c2468<--null}
2016-01-28 21:51:52 DEBUG FillInterest:75 dhgovindaraj-VirtualBox:2807 FillInterest@7c68d012{true,AC.ReadCB@179c2468{HttpConnection@179c2468<--null}} register AC.ReadCB@179c2468{HttpConnection@179c2468<--null}
2016-01-28 21:51:52 DEBUG SelectChannelEndPoint:162 dhgovindaraj-VirtualBox:2807 changeInterests p=false 0->1 for SelectChannelEndPoint@717fee5d{/127.0.0.1:39557<->8080,Open,in,out,R,-,2/30000,HttpConnection}{io=1,kio=0,kro=0}
2016-01-28 21:51:52 DEBUG ManagedSelector:116 dhgovindaraj-VirtualBox:2807 Queued change org.eclipse.jetty.io.SelectChannelEndPoint$1@aa10493 on org.eclipse.jetty.io.ManagedSelector@7cab1508 id=0 keys=1 selected=0
2016-01-28 21:51:52 DEBUG ManagedSelector:233 dhgovindaraj-VirtualBox:2807 Selector loop woken up from select, 0/1 selected
2016-01-28 21:51:52 DEBUG ManagedSelector:410 dhgovindaraj-VirtualBox:2807 Created SelectChannelEndPoint@717fee5d{/127.0.0.1:39557<->8080,Open,in,out,R,-,36/30000,HttpConnection}{io=1,kio=0,kro=0}
2016-01-28 21:51:52 DEBUG ExecuteProduceRun:193 dhgovindaraj-VirtualBox:2807 EPR Prod/org.eclipse.jetty.io.ManagedSelector$SelectorProducer@76ed3c00 ran org.eclipse.jetty.io.ManagedSelector$CreateEndPoint@593829d9
2016-01-28 21:51:52 DEBUG ExecuteProduceRun:206 dhgovindaraj-VirtualBox:2807 EPR Prod/org.eclipse.jetty.io.ManagedSelector$SelectorProducer@76ed3c00 produce exit
2016-01-28 21:51:52 DEBUG QueuedThreadPool:561 dhgovindaraj-VirtualBox:2807 ran org.eclipse.jetty.io.ManagedSelector@7cab1508 id=0 keys=1 selected=0
2016-01-28 21:51:52 DEBUG ManagedSelector:213 dhgovindaraj-VirtualBox:2807 Running change org.eclipse.jetty.io.SelectChannelEndPoint$1@aa10493
2016-01-28 21:51:52 DEBUG SelectChannelEndPoint:128 dhgovindaraj-VirtualBox:2807 Key interests updated 0 -> 1 on SelectChannelEndPoint@717fee5d{/127.0.0.1:39557<->8080,Open,in,out,R,-,48/30000,HttpConnection}{io=1,kio=1,kro=0}
2016-01-28 21:51:52 DEBUG ManagedSelector:230 dhgovindaraj-VirtualBox:2807 Selector loop waiting on select
2016-01-28 21:51:52 DEBUG ManagedSelector:233 dhgovindaraj-VirtualBox:2807 Selector loop woken up from select, 1/1 selected
2016-01-28 21:51:52 DEBUG SelectChannelEndPoint:99 dhgovindaraj-VirtualBox:2807 onSelected 1->0 for SelectChannelEndPoint@717fee5d{/127.0.0.1:39557<->8080,Open,in,out,R,-,49/30000,HttpConnection}{io=0,kio=1,kro=1}
2016-01-28 21:51:52 DEBUG ExecuteProduceRun:143 dhgovindaraj-VirtualBox:2807 EPR Prod/org.eclipse.jetty.io.ManagedSelector$SelectorProducer@76ed3c00 produced org.eclipse.jetty.io.SelectChannelEndPoint$2@59c4d33e
2016-01-28 21:51:52 DEBUG ExecuteProduceRun:184 dhgovindaraj-VirtualBox:2807 EPR Pend/org.eclipse.jetty.io.ManagedSelector$SelectorProducer@76ed3c00 dispatch
2016-01-28 21:51:52 DEBUG QueuedThreadPool:360 dhgovindaraj-VirtualBox:2807 queue EPR Pend/org.eclipse.jetty.io.ManagedSelector$SelectorProducer@76ed3c00
2016-01-28 21:51:52 DEBUG QueuedThreadPool:558 dhgovindaraj-VirtualBox:2807 run EPR Pend/org.eclipse.jetty.io.ManagedSelector$SelectorProducer@76ed3c00
2016-01-28 21:51:52 DEBUG ExecuteProduceRun:114 dhgovindaraj-VirtualBox:2807 EPR Pend/org.eclipse.jetty.io.ManagedSelector$SelectorProducer@76ed3c00 run
2016-01-28 21:51:52 DEBUG ExecuteProduceRun:132 dhgovindaraj-VirtualBox:2807 EPR Prod/org.eclipse.jetty.io.ManagedSelector$SelectorProducer@76ed3c00 produce enter
2016-01-28 21:51:52 DEBUG ExecuteProduceRun:138 dhgovindaraj-VirtualBox:2807 EPR Prod/org.eclipse.jetty.io.ManagedSelector$SelectorProducer@76ed3c00 producing
2016-01-28 21:51:52 DEBUG SelectChannelEndPoint:128 dhgovindaraj-VirtualBox:2807 Key interests updated 1 -> 0 on SelectChannelEndPoint@717fee5d{/127.0.0.1:39557<->8080,Open,in,out,R,-,53/30000,HttpConnection}{io=0,kio=0,kro=1}
2016-01-28 21:51:52 DEBUG ManagedSelector:230 dhgovindaraj-VirtualBox:2807 Selector loop waiting on select
2016-01-28 21:51:52 DEBUG ExecuteProduceRun:190 dhgovindaraj-VirtualBox:2807 EPR Prod/org.eclipse.jetty.io.ManagedSelector$SelectorProducer@76ed3c00 run org.eclipse.jetty.io.SelectChannelEndPoint$2@59c4d33e
2016-01-28 21:51:52 DEBUG FillInterest:91 dhgovindaraj-VirtualBox:2807 FillInterest@7c68d012{true,AC.ReadCB@179c2468{HttpConnection@179c2468<--null}} fillable AC.ReadCB@179c2468{HttpConnection@179c2468<--null}
2016-01-28 21:51:52 DEBUG HttpConnection:214 dhgovindaraj-VirtualBox:2807 HttpConnection@179c2468<--null onFillable enter HttpChannelState@6046072f{s=IDLE a=null i=true r=!P!U w=false}
2016-01-28 21:51:52 DEBUG ChannelEndPoint:150 dhgovindaraj-VirtualBox:2807 filled 633 SelectChannelEndPoint@717fee5d{/127.0.0.1:39557<->8080,Open,in,out,-,-,59/30000,HttpConnection}{io=0,kio=0,kro=1}
2016-01-28 21:51:52 DEBUG HttpConnection:319 dhgovindaraj-VirtualBox:2807 HttpConnection@179c2468<--HeapByteBuffer@57033676[p=0,l=633,c=8192,r=633]={<<<POST /workapp/v1/... : "true"\n   \n}>>>\x00\x00\x00\x00\x00\x00\x00\x00\x00\x00\x00\x00\x00\x00\x00\x00\x00...\x00\x00\x00\x00\x00\x00\x00\x00\x00\x00\x00\x00\x00\x00\x00} filled 633
2016-01-28 21:51:52 DEBUG HttpConnection:336 dhgovindaraj-VirtualBox:2807 HttpConnection@179c2468<--HeapByteBuffer@57033676[p=0,l=633,c=8192,r=633]={<<<POST /workapp/v1/... : "true"\n   \n}>>>\x00\x00\x00\x00\x00\x00\x00\x00\x00\x00\x00\x00\x00\x00\x00\x00\x00...\x00\x00\x00\x00\x00\x00\x00\x00\x00\x00\x00\x00\x00\x00\x00} parse HeapByteBuffer@57033676[p=0,l=633,c=8192,r=633]={<<<POST /workapp/v1/... : "true"\n   \n}>>>\x00\x00\x00\x00\x00\x00\x00\x00\x00\x00\x00\x00\x00\x00\x00\x00\x00...\x00\x00\x00\x00\x00\x00\x00\x00\x00\x00\x00\x00\x00\x00\x00} {}
2016-01-28 21:51:52 DEBUG HttpParser:1157 dhgovindaraj-VirtualBox:2807 parseNext s=START HeapByteBuffer@57033676[p=0,l=633,c=8192,r=633]={<<<POST /workapp/v1/... : "true"\n   \n}>>>\x00\x00\x00\x00\x00\x00\x00\x00\x00\x00\x00\x00\x00\x00\x00\x00\x00...\x00\x00\x00\x00\x00\x00\x00\x00\x00\x00\x00\x00\x00\x00\x00}
2016-01-28 21:51:52 DEBUG HttpParser:1528 dhgovindaraj-VirtualBox:2807 START --> SPACE1
2016-01-28 21:51:52 DEBUG HttpParser:1528 dhgovindaraj-VirtualBox:2807 SPACE1 --> URI
2016-01-28 21:51:52 DEBUG HttpParser:1528 dhgovindaraj-VirtualBox:2807 URI --> SPACE2
2016-01-28 21:51:52 DEBUG HttpParser:1528 dhgovindaraj-VirtualBox:2807 SPACE2 --> REQUEST_VERSION
2016-01-28 21:51:52 DEBUG HttpParser:1528 dhgovindaraj-VirtualBox:2807 REQUEST_VERSION --> HEADER
2016-01-28 21:51:52 DEBUG HttpParser:1528 dhgovindaraj-VirtualBox:2807 HEADER --> HEADER_VALUE
2016-01-28 21:51:52 DEBUG HttpParser:1528 dhgovindaraj-VirtualBox:2807 HEADER_VALUE --> HEADER_IN_VALUE
2016-01-28 21:51:52 DEBUG HttpParser:1528 dhgovindaraj-VirtualBox:2807 HEADER_IN_VALUE --> HEADER
2016-01-28 21:51:52 DEBUG HttpParser:1528 dhgovindaraj-VirtualBox:2807 HEADER --> HEADER_IN_VALUE
2016-01-28 21:51:52 DEBUG HttpParser:1528 dhgovindaraj-VirtualBox:2807 HEADER_IN_VALUE --> HEADER
2016-01-28 21:51:52 DEBUG HttpParser:1528 dhgovindaraj-VirtualBox:2807 HEADER --> HEADER_VALUE
2016-01-28 21:51:52 DEBUG HttpParser:1528 dhgovindaraj-VirtualBox:2807 HEADER_VALUE --> HEADER_IN_VALUE
2016-01-28 21:51:52 DEBUG HttpParser:1528 dhgovindaraj-VirtualBox:2807 HEADER_IN_VALUE --> HEADER
2016-01-28 21:51:52 DEBUG HttpParser:1528 dhgovindaraj-VirtualBox:2807 HEADER --> HEADER_IN_VALUE
2016-01-28 21:51:52 DEBUG HttpParser:1528 dhgovindaraj-VirtualBox:2807 HEADER_IN_VALUE --> HEADER
2016-01-28 21:51:52 DEBUG HttpParser:1528 dhgovindaraj-VirtualBox:2807 HEADER --> HEADER_IN_NAME
2016-01-28 21:51:52 DEBUG HttpParser:1528 dhgovindaraj-VirtualBox:2807 HEADER_IN_NAME --> HEADER_VALUE
2016-01-28 21:51:52 DEBUG HttpParser:1528 dhgovindaraj-VirtualBox:2807 HEADER_VALUE --> HEADER_IN_VALUE
2016-01-28 21:51:52 DEBUG HttpParser:1528 dhgovindaraj-VirtualBox:2807 HEADER_IN_VALUE --> HEADER
2016-01-28 21:51:52 DEBUG HttpParser:1528 dhgovindaraj-VirtualBox:2807 HEADER --> HEADER_IN_VALUE
2016-01-28 21:51:52 DEBUG HttpParser:1528 dhgovindaraj-VirtualBox:2807 HEADER_IN_VALUE --> HEADER
2016-01-28 21:51:52 DEBUG HttpParser:1528 dhgovindaraj-VirtualBox:2807 HEADER --> HEADER_VALUE
2016-01-28 21:51:52 DEBUG HttpParser:1528 dhgovindaraj-VirtualBox:2807 HEADER_VALUE --> HEADER_IN_VALUE
2016-01-28 21:51:52 DEBUG HttpParser:1528 dhgovindaraj-VirtualBox:2807 HEADER_IN_VALUE --> HEADER
2016-01-28 21:51:52 DEBUG HttpParser:1528 dhgovindaraj-VirtualBox:2807 HEADER --> HEADER_IN_NAME
2016-01-28 21:51:52 DEBUG HttpParser:1528 dhgovindaraj-VirtualBox:2807 HEADER_IN_NAME --> HEADER_VALUE
2016-01-28 21:51:52 DEBUG HttpParser:1528 dhgovindaraj-VirtualBox:2807 HEADER_VALUE --> HEADER_IN_VALUE
2016-01-28 21:51:52 DEBUG HttpParser:1528 dhgovindaraj-VirtualBox:2807 HEADER_IN_VALUE --> HEADER
2016-01-28 21:51:52 DEBUG HttpParser:1528 dhgovindaraj-VirtualBox:2807 HEADER --> HEADER_IN_VALUE
2016-01-28 21:51:52 DEBUG HttpParser:1528 dhgovindaraj-VirtualBox:2807 HEADER_IN_VALUE --> HEADER
2016-01-28 21:51:52 DEBUG HttpParser:1528 dhgovindaraj-VirtualBox:2807 HEADER --> HEADER_IN_VALUE
2016-01-28 21:51:52 DEBUG HttpParser:1528 dhgovindaraj-VirtualBox:2807 HEADER_IN_VALUE --> HEADER
2016-01-28 21:51:52 DEBUG HttpParser:1528 dhgovindaraj-VirtualBox:2807 HEADER --> HEADER_VALUE
2016-01-28 21:51:52 DEBUG HttpParser:1528 dhgovindaraj-VirtualBox:2807 HEADER_VALUE --> HEADER_IN_VALUE
2016-01-28 21:51:52 DEBUG HttpParser:1528 dhgovindaraj-VirtualBox:2807 HEADER_IN_VALUE --> HEADER
2016-01-28 21:51:52 DEBUG HttpParser:1528 dhgovindaraj-VirtualBox:2807 HEADER --> CONTENT
2016-01-28 21:51:52 DEBUG HttpConnection:341 dhgovindaraj-VirtualBox:2807 HttpConnection@179c2468<--HeapByteBuffer@57033676[p=500,l=633,c=8192,r=133]={POST /workapp/v1/...US,en;q=0.8\r\n\r\n<<<{\n   "email" : "j... : "true"\n   \n}>>>\x00\x00\x00\x00\x00\x00\x00\x00\x00\x00\x00\x00\x00\x00\x00\x00\x00...\x00\x00\x00\x00\x00\x00\x00\x00\x00\x00\x00\x00\x00\x00\x00} parsed true HttpParser{s=CONTENT,0 of 133}
2016-01-28 21:51:52 DEBUG HttpChannel:252 dhgovindaraj-VirtualBox:2807 HttpChannelOverHttp@14331b30{r=1,c=false,a=IDLE,uri=-} handle //localhost:8080/workapp/v1/user/register?p1=v1&p2=v2&qid=b22441 
2016-01-28 21:51:52 DEBUG HttpChannelState:181 dhgovindaraj-VirtualBox:2807 HttpChannelState@6046072f{s=IDLE a=null i=true r=!P!U w=false} handling IDLE
2016-01-28 21:51:52 DEBUG HttpChannel:267 dhgovindaraj-VirtualBox:2807 HttpChannelOverHttp@14331b30{r=1,c=false,a=DISPATCHED,uri=/workapp/v1/user/register} action REQUEST_DISPATCH
2016-01-28 21:51:52 DEBUG Server:498 dhgovindaraj-VirtualBox:2807 REQUEST on HttpChannelOverHttp@14331b30{r=1,c=false,a=DISPATCHED,uri=/workapp/v1/user/register}
POST //localhost:8080/workapp/v1/user/register?p1=v1&p2=v2&qid=b22441
Host: localhost:8080
Connection: keep-alive
Content-Length: 133
Cache-Control: no-cache
Origin: chrome-extension://fhbjgbiflinjbdggehcddcbncdddomop
Content-Type: application/json
User-Agent: Mozilla/5.0 (X11; Linux x86_64) AppleWebKit/537.36 (KHTML, like Gecko) Chrome/48.0.2564.82 Safari/537.36
Postman-Token: f2979e6b-9380-b563-70b5-e343f2358347
Accept: */*
Accept-Encoding: gzip, deflate
Accept-Language: en-US,en;q=0.8


2016-01-28 21:51:52 DEBUG ContextHandler:982 dhgovindaraj-VirtualBox:2807 scope null||/workapp/v1/user/register @ o.e.j.s.ServletContextHandler@550dbc7a{/,null,AVAILABLE}
2016-01-28 21:51:52 DEBUG ContextHandler:1056 dhgovindaraj-VirtualBox:2807 context=||/workapp/v1/user/register @ o.e.j.s.ServletContextHandler@550dbc7a{/,null,AVAILABLE}
2016-01-28 21:51:52 DEBUG session:179 dhgovindaraj-VirtualBox:2807 sessionManager=org.eclipse.jetty.server.session.HashSessionManager@66f57048
2016-01-28 21:51:52 DEBUG session:180 dhgovindaraj-VirtualBox:2807 session=null
2016-01-28 21:51:52 DEBUG ServletHandler:501 dhgovindaraj-VirtualBox:2807 servlet ||/workapp/v1/user/register -> org.glassfish.jersey.servlet.ServletContainer-723ca036@dbf9d44b==org.glassfish.jersey.servlet.ServletContainer,0,true
2016-01-28 21:51:52 DEBUG ServletHandler:564 dhgovindaraj-VirtualBox:2807 chain=null
2016-01-28 21:51:54 DEBUG HttpConnection:271 dhgovindaraj-VirtualBox:2807 HttpConnection@179c2468<--HeapByteBuffer@57033676[p=500,l=633,c=8192,r=133]={POST /workapp/v1/...US,en;q=0.8\r\n\r\n<<<{\n   "email" : "j... : "true"\n   \n}>>>\x00\x00\x00\x00\x00\x00\x00\x00\x00\x00\x00\x00\x00\x00\x00\x00\x00...\x00\x00\x00\x00\x00\x00\x00\x00\x00\x00\x00\x00\x00\x00\x00} parseContent
2016-01-28 21:51:54 DEBUG HttpConnection:336 dhgovindaraj-VirtualBox:2807 HttpConnection@179c2468<--HeapByteBuffer@57033676[p=500,l=633,c=8192,r=133]={POST /workapp/v1/...US,en;q=0.8\r\n\r\n<<<{\n   "email" : "j... : "true"\n   \n}>>>\x00\x00\x00\x00\x00\x00\x00\x00\x00\x00\x00\x00\x00\x00\x00\x00\x00...\x00\x00\x00\x00\x00\x00\x00\x00\x00\x00\x00\x00\x00\x00\x00} parse HeapByteBuffer@57033676[p=500,l=633,c=8192,r=133]={POST /workapp/v1/...US,en;q=0.8\r\n\r\n<<<{\n   "email" : "j... : "true"\n   \n}>>>\x00\x00\x00\x00\x00\x00\x00\x00\x00\x00\x00\x00\x00\x00\x00\x00\x00...\x00\x00\x00\x00\x00\x00\x00\x00\x00\x00\x00\x00\x00\x00\x00} {}
2016-01-28 21:51:54 DEBUG HttpParser:1157 dhgovindaraj-VirtualBox:2807 parseNext s=CONTENT HeapByteBuffer@57033676[p=500,l=633,c=8192,r=133]={POST /workapp/v1/...US,en;q=0.8\r\n\r\n<<<{\n   "email" : "j... : "true"\n   \n}>>>\x00\x00\x00\x00\x00\x00\x00\x00\x00\x00\x00\x00\x00\x00\x00\x00\x00...\x00\x00\x00\x00\x00\x00\x00\x00\x00\x00\x00\x00\x00\x00\x00}
2016-01-28 21:51:54 DEBUG HttpChannel:509 dhgovindaraj-VirtualBox:2807 HttpChannelOverHttp@14331b30{r=1,c=false,a=DISPATCHED,uri=/workapp/v1/user/register} content Content@20877e55{HeapByteBufferR@68e6c3f7[p=500,l=633,c=8192,r=133]={POST /workapp/v1/...US,en;q=0.8\r\n\r\n<<<{\n   "email" : "j... : "true"\n   \n}>>>\x00\x00\x00\x00\x00\x00\x00\x00\x00\x00\x00\x00\x00\x00\x00\x00\x00...\x00\x00\x00\x00\x00\x00\x00\x00\x00\x00\x00\x00\x00\x00\x00}}
2016-01-28 21:51:54 DEBUG HttpInput:366 dhgovindaraj-VirtualBox:2807 org.eclipse.jetty.server.HttpInputOverHTTP@26ed1c82 addContent Content@20877e55{HeapByteBufferR@68e6c3f7[p=500,l=633,c=8192,r=133]={POST /workapp/v1/...US,en;q=0.8\r\n\r\n<<<{\n   "email" : "j... : "true"\n   \n}>>>\x00\x00\x00\x00\x00\x00\x00\x00\x00\x00\x00\x00\x00\x00\x00\x00\x00...\x00\x00\x00\x00\x00\x00\x00\x00\x00\x00\x00\x00\x00\x00\x00}}
2016-01-28 21:51:54 DEBUG HttpParser:1528 dhgovindaraj-VirtualBox:2807 CONTENT --> END
2016-01-28 21:51:54 DEBUG HttpChannel:517 dhgovindaraj-VirtualBox:2807 HttpChannelOverHttp@14331b30{r=1,c=false,a=DISPATCHED,uri=/workapp/v1/user/register} onRequestComplete
2016-01-28 21:51:54 DEBUG HttpInput:366 dhgovindaraj-VirtualBox:2807 org.eclipse.jetty.server.HttpInputOverHTTP@26ed1c82 addContent EOF
2016-01-28 21:51:54 DEBUG HttpConnection:341 dhgovindaraj-VirtualBox:2807 HttpConnection@179c2468<--HeapByteBuffer@57033676[p=633,l=633,c=8192,r=0]={POST /workapp/v1/... : "true"\n   \n}<<<>>>\x00\x00\x00\x00\x00\x00\x00\x00\x00\x00\x00\x00\x00\x00\x00\x00\x00...\x00\x00\x00\x00\x00\x00\x00\x00\x00\x00\x00\x00\x00\x00\x00} parsed false HttpParser{s=END,133 of 133}
2016-01-28 21:51:54 DEBUG HttpInput:143 dhgovindaraj-VirtualBox:2807 org.eclipse.jetty.server.HttpInputOverHTTP@26ed1c82 read 8000 from Content@20877e55{HeapByteBufferR@68e6c3f7[p=500,l=633,c=8192,r=133]={POST /workapp/v1/...US,en;q=0.8\r\n\r\n<<<{\n   "email" : "j... : "true"\n   \n}>>>\x00\x00\x00\x00\x00\x00\x00\x00\x00\x00\x00\x00\x00\x00\x00\x00\x00...\x00\x00\x00\x00\x00\x00\x00\x00\x00\x00\x00\x00\x00\x00\x00}}
2016-01-28 21:51:54 DEBUG HttpConnection:191 dhgovindaraj-VirtualBox:2807 releaseRequestBuffer HttpConnection@179c2468<--HeapByteBuffer@57033676[p=633,l=633,c=8192,r=0]={POST /workapp/v1/... : "true"\n   \n}<<<>>>\x00\x00\x00\x00\x00\x00\x00\x00\x00\x00\x00\x00\x00\x00\x00\x00\x00...\x00\x00\x00\x00\x00\x00\x00\x00\x00\x00\x00\x00\x00\x00\x00}
2016-01-28 21:51:54 DEBUG HttpInput:241 dhgovindaraj-VirtualBox:2807 org.eclipse.jetty.server.HttpInputOverHTTP@26ed1c82 consumed Content@20877e55{HeapByteBufferR@68e6c3f7[p=633,l=633,c=8192,r=0]={POST /workapp/v1/... : "true"\n   \n}<<<>>>\x00\x00\x00\x00\x00\x00\x00\x00\x00\x00\x00\x00\x00\x00\x00\x00\x00...\x00\x00\x00\x00\x00\x00\x00\x00\x00\x00\x00\x00\x00\x00\x00}}
2016-01-28 21:51:54 DEBUG WorkAppMySQLConnectionManager:98 dhgovindaraj-VirtualBox:2807 No available MySQL connections, attempting to create a new one
2016-01-28 21:51:54 DEBUG engine:53 dhgovindaraj-VirtualBox:2807 Caches initialized
2016-01-28 21:51:54 DEBUG engine:53 dhgovindaraj-VirtualBox:2807 New instance for cache [default cache] and connection [com.workappinc.workappserver.dataaccess.resources.implementation.WorkAppJDBCConnection@2a6fec2c]
2016-01-28 21:51:54 DEBUG engine:53 dhgovindaraj-VirtualBox:2807 Cached mapping for [com.workappinc.workappserver.businesslogic.model.table.User]
2016-01-28 21:51:54 DEBUG engine:53 dhgovindaraj-VirtualBox:2807 Generated PreparedStatement [com.mysql.jdbc.JDBC4PreparedStatement@36a6054e: insert into user(id,email,password,phone,first_name,last_name,is_customer,is_individual,employer_name,occupation,skills,is_owner)values(** NOT SPECIFIED **,** NOT SPECIFIED **,** NOT SPECIFIED **,** NOT SPECIFIED **,** NOT SPECIFIED **,** NOT SPECIFIED **,** NOT SPECIFIED **,** NOT SPECIFIED **,** NOT SPECIFIED **,** NOT SPECIFIED **,** NOT SPECIFIED **,** NOT SPECIFIED **)] for [insert into user(id,email,password,phone,first_name,last_name,is_customer,is_individual,employer_name,occupation,skills,is_owner)values(?,?,?,?,?,?,?,?,?,?,?,?)]
2016-01-28 21:51:54 DEBUG parameters:53 dhgovindaraj-VirtualBox:2807 PreparedStatement [com.mysql.jdbc.JDBC4PreparedStatement@36a6054e: insert into user(id,email,password,phone,first_name,last_name,is_customer,is_individual,employer_name,occupation,skills,is_owner)values('4b00e361-81fb-4d30-a531-61f13f95be45',** NOT SPECIFIED **,** NOT SPECIFIED **,** NOT SPECIFIED **,** NOT SPECIFIED **,** NOT SPECIFIED **,** NOT SPECIFIED **,** NOT SPECIFIED **,** NOT SPECIFIED **,** NOT SPECIFIED **,** NOT SPECIFIED **,** NOT SPECIFIED **)] Parameter [1] type [String] set to [4b00e361-81fb-4d30-a531-61f13f95be45]
2016-01-28 21:51:54 DEBUG parameters:53 dhgovindaraj-VirtualBox:2807 PreparedStatement [com.mysql.jdbc.JDBC4PreparedStatement@36a6054e: insert into user(id,email,password,phone,first_name,last_name,is_customer,is_individual,employer_name,occupation,skills,is_owner)values('4b00e361-81fb-4d30-a531-61f13f95be45','john',** NOT SPECIFIED **,** NOT SPECIFIED **,** NOT SPECIFIED **,** NOT SPECIFIED **,** NOT SPECIFIED **,** NOT SPECIFIED **,** NOT SPECIFIED **,** NOT SPECIFIED **,** NOT SPECIFIED **,** NOT SPECIFIED **)] Parameter [2] type [String] set to [john]
2016-01-28 21:51:54 DEBUG parameters:53 dhgovindaraj-VirtualBox:2807 PreparedStatement [com.mysql.jdbc.JDBC4PreparedStatement@36a6054e: insert into user(id,email,password,phone,first_name,last_name,is_customer,is_individual,employer_name,occupation,skills,is_owner)values('4b00e361-81fb-4d30-a531-61f13f95be45','john','125b3f73d9654300384a1063f12f6be3',** NOT SPECIFIED **,** NOT SPECIFIED **,** NOT SPECIFIED **,** NOT SPECIFIED **,** NOT SPECIFIED **,** NOT SPECIFIED **,** NOT SPECIFIED **,** NOT SPECIFIED **,** NOT SPECIFIED **)] Parameter [3] type [String] set to [125b3f73d9654300384a1063f12f6be3]
2016-01-28 21:51:54 DEBUG parameters:53 dhgovindaraj-VirtualBox:2807 Parameter [4] from PreparedStatement [com.mysql.jdbc.JDBC4PreparedStatement@36a6054e: insert into user(id,email,password,phone,first_name,last_name,is_customer,is_individual,employer_name,occupation,skills,is_owner)values('4b00e361-81fb-4d30-a531-61f13f95be45','john','125b3f73d9654300384a1063f12f6be3',null,** NOT SPECIFIED **,** NOT SPECIFIED **,** NOT SPECIFIED **,** NOT SPECIFIED **,** NOT SPECIFIED **,** NOT SPECIFIED **,** NOT SPECIFIED **,** NOT SPECIFIED **)] set to [null] using java.sql.Types [NULL]
2016-01-28 21:51:54 DEBUG parameters:53 dhgovindaraj-VirtualBox:2807 PreparedStatement [com.mysql.jdbc.JDBC4PreparedStatement@36a6054e: insert into user(id,email,password,phone,first_name,last_name,is_customer,is_individual,employer_name,occupation,skills,is_owner)values('4b00e361-81fb-4d30-a531-61f13f95be45','john','125b3f73d9654300384a1063f12f6be3',null,'dheeban',** NOT SPECIFIED **,** NOT SPECIFIED **,** NOT SPECIFIED **,** NOT SPECIFIED **,** NOT SPECIFIED **,** NOT SPECIFIED **,** NOT SPECIFIED **)] Parameter [5] type [String] set to [dheeban]
2016-01-28 21:51:54 DEBUG parameters:53 dhgovindaraj-VirtualBox:2807 PreparedStatement [com.mysql.jdbc.JDBC4PreparedStatement@36a6054e: insert into user(id,email,password,phone,first_name,last_name,is_customer,is_individual,employer_name,occupation,skills,is_owner)values('4b00e361-81fb-4d30-a531-61f13f95be45','john','125b3f73d9654300384a1063f12f6be3',null,'dheeban','sg',** NOT SPECIFIED **,** NOT SPECIFIED **,** NOT SPECIFIED **,** NOT SPECIFIED **,** NOT SPECIFIED **,** NOT SPECIFIED **)] Parameter [6] type [String] set to [sg]
2016-01-28 21:51:54 DEBUG parameters:53 dhgovindaraj-VirtualBox:2807 PreparedStatement [com.mysql.jdbc.JDBC4PreparedStatement@36a6054e: insert into user(id,email,password,phone,first_name,last_name,is_customer,is_individual,employer_name,occupation,skills,is_owner)values('4b00e361-81fb-4d30-a531-61f13f95be45','john','125b3f73d9654300384a1063f12f6be3',null,'dheeban','sg',1,** NOT SPECIFIED **,** NOT SPECIFIED **,** NOT SPECIFIED **,** NOT SPECIFIED **,** NOT SPECIFIED **)] Parameter [7] type [Boolean] set to [true]
2016-01-28 21:51:54 DEBUG parameters:53 dhgovindaraj-VirtualBox:2807 PreparedStatement [com.mysql.jdbc.JDBC4PreparedStatement@36a6054e: insert into user(id,email,password,phone,first_name,last_name,is_customer,is_individual,employer_name,occupation,skills,is_owner)values('4b00e361-81fb-4d30-a531-61f13f95be45','john','125b3f73d9654300384a1063f12f6be3',null,'dheeban','sg',1,0,** NOT SPECIFIED **,** NOT SPECIFIED **,** NOT SPECIFIED **,** NOT SPECIFIED **)] Parameter [8] type [Boolean] set to [false]
2016-01-28 21:51:55 DEBUG parameters:53 dhgovindaraj-VirtualBox:2807 Parameter [9] from PreparedStatement [com.mysql.jdbc.JDBC4PreparedStatement@36a6054e: insert into user(id,email,password,phone,first_name,last_name,is_customer,is_individual,employer_name,occupation,skills,is_owner)values('4b00e361-81fb-4d30-a531-61f13f95be45','john','125b3f73d9654300384a1063f12f6be3',null,'dheeban','sg',1,0,null,** NOT SPECIFIED **,** NOT SPECIFIED **,** NOT SPECIFIED **)] set to [null] using java.sql.Types [NULL]
2016-01-28 21:51:55 DEBUG parameters:53 dhgovindaraj-VirtualBox:2807 Parameter [10] from PreparedStatement [com.mysql.jdbc.JDBC4PreparedStatement@36a6054e: insert into user(id,email,password,phone,first_name,last_name,is_customer,is_individual,employer_name,occupation,skills,is_owner)values('4b00e361-81fb-4d30-a531-61f13f95be45','john','125b3f73d9654300384a1063f12f6be3',null,'dheeban','sg',1,0,null,null,** NOT SPECIFIED **,** NOT SPECIFIED **)] set to [null] using java.sql.Types [NULL]
2016-01-28 21:51:55 DEBUG parameters:53 dhgovindaraj-VirtualBox:2807 Parameter [11] from PreparedStatement [com.mysql.jdbc.JDBC4PreparedStatement@36a6054e: insert into user(id,email,password,phone,first_name,last_name,is_customer,is_individual,employer_name,occupation,skills,is_owner)values('4b00e361-81fb-4d30-a531-61f13f95be45','john','125b3f73d9654300384a1063f12f6be3',null,'dheeban','sg',1,0,null,null,null,** NOT SPECIFIED **)] set to [null] using java.sql.Types [NULL]
2016-01-28 21:51:55 DEBUG parameters:53 dhgovindaraj-VirtualBox:2807 PreparedStatement [com.mysql.jdbc.JDBC4PreparedStatement@36a6054e: insert into user(id,email,password,phone,first_name,last_name,is_customer,is_individual,employer_name,occupation,skills,is_owner)values('4b00e361-81fb-4d30-a531-61f13f95be45','john','125b3f73d9654300384a1063f12f6be3',null,'dheeban','sg',1,0,null,null,null,0)] Parameter [12] type [Boolean] set to [false]
2016-01-28 21:51:55 DEBUG engine:53 dhgovindaraj-VirtualBox:2807 Closed PreparedStatement [com.mysql.jdbc.JDBC4PreparedStatement@36a6054e: statement has been closed, no further internal information available]
2016-01-28 21:51:55 DEBUG WorkAppServiceManager:98 dhgovindaraj-VirtualBox:2807 [b22441] john already exists in the database.
2016-01-28 21:51:55 DEBUG HttpChannel:616 dhgovindaraj-VirtualBox:2807 Commit HTTP/1.1{s=409,h=4} to HttpChannelOverHttp@14331b30{r=1,c=true,a=DISPATCHED,uri=/workapp/v1/user/register}
2016-01-28 21:51:55 DEBUG HttpConnection:618 dhgovindaraj-VirtualBox:2807 org.eclipse.jetty.server.HttpConnection$SendCallback@72075f94[PROCESSING][i=HTTP/1.1{s=409,h=4},cb=org.eclipse.jetty.server.HttpChannel$CommitCallback@3f2b23ac] generate: NEED_HEADER (null,[p=0,l=30,c=8192,r=30],true)@START
2016-01-28 21:51:55 DEBUG HttpConnection:618 dhgovindaraj-VirtualBox:2807 org.eclipse.jetty.server.HttpConnection$SendCallback@72075f94[PROCESSING][i=HTTP/1.1{s=409,h=4},cb=org.eclipse.jetty.server.HttpChannel$CommitCallback@3f2b23ac] generate: FLUSH ([p=0,l=153,c=8192,r=153],[p=0,l=30,c=8192,r=30],true)@COMPLETING
2016-01-28 21:51:55 DEBUG WriteFlusher:295 dhgovindaraj-VirtualBox:2807 write: WriteFlusher@76cb4c8{IDLE} [HeapByteBuffer@57033676[p=0,l=153,c=8192,r=153]={<<<HTTP/1.1 409 Conf...y(9.3.0.M2)\r\n\r\n>>>e\r\nOrigin: chrome...\x00\x00\x00\x00\x00\x00\x00\x00\x00\x00\x00\x00\x00\x00\x00},HeapByteBuffer@3513eb6b[p=0,l=30,c=8192,r=30]={<<<User already exists in the DB.>>>\x00\x00\x00\x00\x00\x00\x00\x00\x00\x00\x00\x00\x00\x00\x00\x00\x00...\x00\x00\x00\x00\x00\x00\x00\x00\x00\x00\x00\x00\x00\x00\x00}]
2016-01-28 21:51:55 DEBUG WriteFlusher:118 dhgovindaraj-VirtualBox:2807 update WriteFlusher@76cb4c8{WRITING}:IDLE-->WRITING
2016-01-28 21:51:55 DEBUG ChannelEndPoint:196 dhgovindaraj-VirtualBox:2807 flushed 183 SelectChannelEndPoint@717fee5d{/127.0.0.1:39557<->8080,Open,in,out,-,W,2331/30000,HttpConnection}{io=0,kio=0,kro=1}
2016-01-28 21:51:55 DEBUG WriteFlusher:412 dhgovindaraj-VirtualBox:2807 Flushed=true 153/153+1 WriteFlusher@76cb4c8{WRITING}
2016-01-28 21:51:55 DEBUG WriteFlusher:118 dhgovindaraj-VirtualBox:2807 update WriteFlusher@76cb4c8{IDLE}:WRITING-->IDLE
2016-01-28 21:51:55 DEBUG HttpConnection:618 dhgovindaraj-VirtualBox:2807 org.eclipse.jetty.server.HttpConnection$SendCallback@72075f94[PROCESSING][i=HTTP/1.1{s=409,h=4},cb=org.eclipse.jetty.server.HttpChannel$CommitCallback@3f2b23ac] generate: DONE ([p=153,l=153,c=8192,r=0],[p=30,l=30,c=8192,r=0],true)@END
2016-01-28 21:51:55 DEBUG Server:510 dhgovindaraj-VirtualBox:2807 RESPONSE for /workapp/v1/user/register h=true
409 Conflict
Date: Fri, 29 Jan 2016 05:51:52 GMT
Content-Length: 30
Time Taken: 747 ms
Content-Type: text/plain


2016-01-28 21:51:55 DEBUG HttpChannelState:298 dhgovindaraj-VirtualBox:2807 HttpChannelState@6046072f{s=DISPATCHED a=null i=true r=!P!U w=false} unhandle DISPATCHED
2016-01-28 21:51:55 DEBUG HttpParser:1508 dhgovindaraj-VirtualBox:2807 reset HttpParser{s=END,133 of 133}
2016-01-28 21:51:55 DEBUG HttpParser:1528 dhgovindaraj-VirtualBox:2807 END --> START
2016-01-28 21:51:55 DEBUG HttpChannel:423 dhgovindaraj-VirtualBox:2807 HttpChannelOverHttp@14331b30{r=1,c=false,a=IDLE,uri=-} handle exit, result COMPLETE
2016-01-28 21:51:55 DEBUG ChannelEndPoint:150 dhgovindaraj-VirtualBox:2807 filled 0 SelectChannelEndPoint@717fee5d{/127.0.0.1:39557<->8080,Open,in,out,-,-,13/30000,HttpConnection}{io=0,kio=0,kro=1}
2016-01-28 21:51:55 DEBUG ChannelEndPoint:150 dhgovindaraj-VirtualBox:2807 filled 0 SelectChannelEndPoint@717fee5d{/127.0.0.1:39557<->8080,Open,in,out,-,-,16/30000,HttpConnection}{io=0,kio=0,kro=1}
2016-01-28 21:51:55 DEBUG HttpConnection:319 dhgovindaraj-VirtualBox:2807 HttpConnection@179c2468<--HeapByteBuffer@57033676[p=0,l=0,c=8192,r=0]={<<<>>>HTTP/1.1 409 Conf...\x00\x00\x00\x00\x00\x00\x00\x00\x00\x00\x00\x00\x00\x00\x00} filled 0
2016-01-28 21:51:55 DEBUG HttpConnection:336 dhgovindaraj-VirtualBox:2807 HttpConnection@179c2468<--HeapByteBuffer@57033676[p=0,l=0,c=8192,r=0]={<<<>>>HTTP/1.1 409 Conf...\x00\x00\x00\x00\x00\x00\x00\x00\x00\x00\x00\x00\x00\x00\x00} parse HeapByteBuffer@57033676[p=0,l=0,c=8192,r=0]={<<<>>>HTTP/1.1 409 Conf...\x00\x00\x00\x00\x00\x00\x00\x00\x00\x00\x00\x00\x00\x00\x00} {}
2016-01-28 21:51:55 DEBUG HttpParser:1157 dhgovindaraj-VirtualBox:2807 parseNext s=START HeapByteBuffer@57033676[p=0,l=0,c=8192,r=0]={<<<>>>HTTP/1.1 409 Conf...\x00\x00\x00\x00\x00\x00\x00\x00\x00\x00\x00\x00\x00\x00\x00}
2016-01-28 21:51:55 DEBUG HttpConnection:341 dhgovindaraj-VirtualBox:2807 HttpConnection@179c2468<--HeapByteBuffer@57033676[p=0,l=0,c=8192,r=0]={<<<>>>HTTP/1.1 409 Conf...\x00\x00\x00\x00\x00\x00\x00\x00\x00\x00\x00\x00\x00\x00\x00} parsed false HttpParser{s=START,0 of -1}
2016-01-28 21:51:55 DEBUG HttpConnection:191 dhgovindaraj-VirtualBox:2807 releaseRequestBuffer HttpConnection@179c2468<--HeapByteBuffer@57033676[p=0,l=0,c=8192,r=0]={<<<>>>HTTP/1.1 409 Conf...\x00\x00\x00\x00\x00\x00\x00\x00\x00\x00\x00\x00\x00\x00\x00}
2016-01-28 21:51:55 DEBUG AbstractConnection:117 dhgovindaraj-VirtualBox:2807 fillInterested HttpConnection@179c2468<--null
2016-01-28 21:51:55 DEBUG FillInterest:61 dhgovindaraj-VirtualBox:2807 FillInterest@7c68d012{true,AC.ReadCB@179c2468{HttpConnection@179c2468<--null}} register AC.ReadCB@179c2468{HttpConnection@179c2468<--null}
2016-01-28 21:51:55 DEBUG FillInterest:75 dhgovindaraj-VirtualBox:2807 FillInterest@7c68d012{true,AC.ReadCB@179c2468{HttpConnection@179c2468<--null}} register AC.ReadCB@179c2468{HttpConnection@179c2468<--null}
2016-01-28 21:51:55 DEBUG SelectChannelEndPoint:162 dhgovindaraj-VirtualBox:2807 changeInterests p=false 0->1 for SelectChannelEndPoint@717fee5d{/127.0.0.1:39557<->8080,Open,in,out,R,-,5/30000,HttpConnection}{io=1,kio=0,kro=1}
2016-01-28 21:51:55 DEBUG ManagedSelector:116 dhgovindaraj-VirtualBox:2807 Queued change org.eclipse.jetty.io.SelectChannelEndPoint$1@aa10493 on org.eclipse.jetty.io.ManagedSelector@7cab1508 id=0 keys=1 selected=0
2016-01-28 21:51:55 DEBUG HttpConnection:257 dhgovindaraj-VirtualBox:2807 HttpConnection@179c2468<--null onFillable exit HttpChannelState@6046072f{s=IDLE a=null i=true r=!P!U w=false}
2016-01-28 21:51:55 DEBUG ExecuteProduceRun:193 dhgovindaraj-VirtualBox:2807 EPR Prod/org.eclipse.jetty.io.ManagedSelector$SelectorProducer@76ed3c00 ran org.eclipse.jetty.io.SelectChannelEndPoint$2@59c4d33e
2016-01-28 21:51:55 DEBUG ExecuteProduceRun:206 dhgovindaraj-VirtualBox:2807 EPR Prod/org.eclipse.jetty.io.ManagedSelector$SelectorProducer@76ed3c00 produce exit
2016-01-28 21:51:55 DEBUG QueuedThreadPool:561 dhgovindaraj-VirtualBox:2807 ran EPR Prod/org.eclipse.jetty.io.ManagedSelector$SelectorProducer@76ed3c00
2016-01-28 21:51:55 DEBUG ManagedSelector:233 dhgovindaraj-VirtualBox:2807 Selector loop woken up from select, 0/1 selected
2016-01-28 21:51:55 DEBUG ManagedSelector:213 dhgovindaraj-VirtualBox:2807 Running change org.eclipse.jetty.io.SelectChannelEndPoint$1@aa10493
2016-01-28 21:51:55 DEBUG SelectChannelEndPoint:128 dhgovindaraj-VirtualBox:2807 Key interests updated 0 -> 1 on SelectChannelEndPoint@717fee5d{/127.0.0.1:39557<->8080,Open,in,out,R,-,12/30000,HttpConnection}{io=1,kio=1,kro=1}
2016-01-28 21:51:55 DEBUG ManagedSelector:230 dhgovindaraj-VirtualBox:2807 Selector loop waiting on select
2016-01-28 21:52:12 DEBUG session:347 dhgovindaraj-VirtualBox:2807 Scavenging sessions at 1454046732082
2016-01-28 21:52:22 DEBUG IdleTimeout:156 dhgovindaraj-VirtualBox:2807 SelectChannelEndPoint@717fee5d{/127.0.0.1:39557<->8080,Open,in,out,R,-,27030/30000,HttpConnection}{io=1,kio=1,kro=1} idle timeout check, elapsed: 27030 ms, remaining: 2970 ms
2016-01-28 21:52:25 DEBUG IdleTimeout:156 dhgovindaraj-VirtualBox:2807 SelectChannelEndPoint@717fee5d{/127.0.0.1:39557<->8080,Open,in,out,R,-,30002/30000,HttpConnection}{io=1,kio=1,kro=1} idle timeout check, elapsed: 30002 ms, remaining: -2 ms
2016-01-28 21:52:25 DEBUG IdleTimeout:163 dhgovindaraj-VirtualBox:2807 SelectChannelEndPoint@717fee5d{/127.0.0.1:39557<->8080,Open,in,out,R,-,30002/30000,HttpConnection}{io=1,kio=1,kro=1} idle timeout expired
2016-01-28 21:52:25 DEBUG HttpParser:1500 dhgovindaraj-VirtualBox:2807 close HttpParser{s=START,0 of -1}
2016-01-28 21:52:25 DEBUG HttpParser:1528 dhgovindaraj-VirtualBox:2807 START --> CLOSE
2016-01-28 21:52:25 DEBUG AbstractConnection:139 dhgovindaraj-VirtualBox:2807 HttpConnection@179c2468<--null onFillInterestedFailed java.util.concurrent.TimeoutException: Idle timeout expired: 30002/30000 ms
2016-01-28 21:52:25 DEBUG ChannelEndPoint:83 dhgovindaraj-VirtualBox:2807 oshut SelectChannelEndPoint@717fee5d{/127.0.0.1:39557<->8080,Open,in,out,-,-,30008/30000,HttpConnection}{io=1,kio=1,kro=1}
2016-01-28 21:52:25 DEBUG AbstractConnection:117 dhgovindaraj-VirtualBox:2807 fillInterested HttpConnection@179c2468<--null
2016-01-28 21:52:25 DEBUG FillInterest:61 dhgovindaraj-VirtualBox:2807 FillInterest@7c68d012{true,AC.ReadCB@179c2468{HttpConnection@179c2468<--null}} register AC.ReadCB@179c2468{HttpConnection@179c2468<--null}
2016-01-28 21:52:25 DEBUG FillInterest:75 dhgovindaraj-VirtualBox:2807 FillInterest@7c68d012{true,AC.ReadCB@179c2468{HttpConnection@179c2468<--null}} register AC.ReadCB@179c2468{HttpConnection@179c2468<--null}
2016-01-28 21:52:25 DEBUG SelectChannelEndPoint:162 dhgovindaraj-VirtualBox:2807 changeInterests p=false 1->1 for SelectChannelEndPoint@717fee5d{/127.0.0.1:39557<->8080,Open,in,OSHUT,R,-,1/30000,HttpConnection}{io=1,kio=1,kro=1}
2016-01-28 21:52:25 DEBUG ManagedSelector:116 dhgovindaraj-VirtualBox:2807 Queued change org.eclipse.jetty.io.SelectChannelEndPoint$1@aa10493 on org.eclipse.jetty.io.ManagedSelector@7cab1508 id=0 keys=1 selected=0
2016-01-28 21:52:25 DEBUG ManagedSelector:233 dhgovindaraj-VirtualBox:2807 Selector loop woken up from select, 0/1 selected
2016-01-28 21:52:25 DEBUG WriteFlusher:461 dhgovindaraj-VirtualBox:2807 ignored: WriteFlusher@76cb4c8{IDLE} java.util.concurrent.TimeoutException: Idle timeout expired: 30002/30000 ms
2016-01-28 21:52:25 DEBUG AbstractEndPoint:170 dhgovindaraj-VirtualBox:2807 Ignored idle endpoint SelectChannelEndPoint@717fee5d{/127.0.0.1:39557<->8080,Open,in,OSHUT,R,-,22/30000,HttpConnection}{io=1,kio=1,kro=1}
2016-01-28 21:52:25 DEBUG ManagedSelector:213 dhgovindaraj-VirtualBox:2807 Running change org.eclipse.jetty.io.SelectChannelEndPoint$1@aa10493
2016-01-28 21:52:25 DEBUG SelectChannelEndPoint:128 dhgovindaraj-VirtualBox:2807 Key interests updated 1 -> 1 on SelectChannelEndPoint@717fee5d{/127.0.0.1:39557<->8080,Open,in,OSHUT,R,-,3/30000,HttpConnection}{io=1,kio=1,kro=1}
2016-01-28 21:52:25 DEBUG ManagedSelector:230 dhgovindaraj-VirtualBox:2807 Selector loop waiting on select
2016-01-28 21:52:42 DEBUG session:347 dhgovindaraj-VirtualBox:2807 Scavenging sessions at 1454046762082
2016-01-28 21:52:55 DEBUG IdleTimeout:156 dhgovindaraj-VirtualBox:2807 SelectChannelEndPoint@717fee5d{/127.0.0.1:39557<->8080,Open,in,OSHUT,R,-,30000/30000,HttpConnection}{io=1,kio=1,kro=1} idle timeout check, elapsed: 30000 ms, remaining: 0 ms
2016-01-28 21:52:55 DEBUG IdleTimeout:163 dhgovindaraj-VirtualBox:2807 SelectChannelEndPoint@717fee5d{/127.0.0.1:39557<->8080,Open,in,OSHUT,R,-,30001/30000,HttpConnection}{io=1,kio=1,kro=1} idle timeout expired
2016-01-28 21:52:55 DEBUG HttpParser:1500 dhgovindaraj-VirtualBox:2807 close HttpParser{s=CLOSE,0 of -1}
2016-01-28 21:52:55 DEBUG HttpParser:1528 dhgovindaraj-VirtualBox:2807 CLOSE --> CLOSE
2016-01-28 21:52:55 DEBUG AbstractConnection:139 dhgovindaraj-VirtualBox:2807 HttpConnection@179c2468<--null onFillInterestedFailed java.util.concurrent.TimeoutException: Idle timeout expired: 30000/30000 ms
2016-01-28 21:52:55 DEBUG AbstractEndPoint:114 dhgovindaraj-VirtualBox:2807 onClose SelectChannelEndPoint@717fee5d{/127.0.0.1:39557<->8080,CLOSED,in,OSHUT,-,-,30005/30000,HttpConnection}{io=1,kio=1,kro=1}
2016-01-28 21:52:55 DEBUG ChannelEndPoint:123 dhgovindaraj-VirtualBox:2807 close SelectChannelEndPoint@717fee5d{/127.0.0.1:39557<->8080,CLOSED,in,OSHUT,-,-,30006/30000,HttpConnection}{io=1,kio=1,kro=1}
2016-01-28 21:52:55 DEBUG ManagedSelector:116 dhgovindaraj-VirtualBox:2807 Queued change org.eclipse.jetty.io.ManagedSelector$2@195e827 on org.eclipse.jetty.io.ManagedSelector@7cab1508 id=0 keys=1 selected=0
2016-01-28 21:52:55 DEBUG WriteFlusher:461 dhgovindaraj-VirtualBox:2807 ignored: WriteFlusher@76cb4c8{IDLE} java.util.concurrent.TimeoutException: Idle timeout expired: 30000/30000 ms
2016-01-28 21:52:55 DEBUG AbstractEndPoint:170 dhgovindaraj-VirtualBox:2807 Ignored idle endpoint SelectChannelEndPoint@717fee5d{/127.0.0.1:39557<->8080,CLOSED,ISHUT,OSHUT,-,-,30014/30000,HttpConnection}{io=1,kio=-1,kro=-1}
2016-01-28 21:52:55 DEBUG ManagedSelector:233 dhgovindaraj-VirtualBox:2807 Selector loop woken up from select, 0/0 selected
2016-01-28 21:52:55 DEBUG ExecuteProduceRun:143 dhgovindaraj-VirtualBox:2807 EPR Prod/org.eclipse.jetty.io.ManagedSelector$SelectorProducer@76ed3c00 produced org.eclipse.jetty.io.ManagedSelector$2@195e827
2016-01-28 21:52:55 DEBUG ExecuteProduceRun:184 dhgovindaraj-VirtualBox:2807 EPR Pend/org.eclipse.jetty.io.ManagedSelector$SelectorProducer@76ed3c00 dispatch
2016-01-28 21:52:55 DEBUG QueuedThreadPool:360 dhgovindaraj-VirtualBox:2807 queue EPR Pend/org.eclipse.jetty.io.ManagedSelector$SelectorProducer@76ed3c00
2016-01-28 21:52:55 DEBUG ExecuteProduceRun:190 dhgovindaraj-VirtualBox:2807 EPR Pend/org.eclipse.jetty.io.ManagedSelector$SelectorProducer@76ed3c00 run org.eclipse.jetty.io.ManagedSelector$2@195e827
2016-01-28 21:52:55 DEBUG QueuedThreadPool:558 dhgovindaraj-VirtualBox:2807 run EPR Pend/org.eclipse.jetty.io.ManagedSelector$SelectorProducer@76ed3c00
2016-01-28 21:52:55 DEBUG ExecuteProduceRun:114 dhgovindaraj-VirtualBox:2807 EPR Pend/org.eclipse.jetty.io.ManagedSelector$SelectorProducer@76ed3c00 run
2016-01-28 21:52:55 DEBUG ExecuteProduceRun:132 dhgovindaraj-VirtualBox:2807 EPR Prod/org.eclipse.jetty.io.ManagedSelector$SelectorProducer@76ed3c00 produce enter
2016-01-28 21:52:55 DEBUG ExecuteProduceRun:138 dhgovindaraj-VirtualBox:2807 EPR Prod/org.eclipse.jetty.io.ManagedSelector$SelectorProducer@76ed3c00 producing
2016-01-28 21:52:55 DEBUG ManagedSelector:230 dhgovindaraj-VirtualBox:2807 Selector loop waiting on select
2016-01-28 21:52:55 DEBUG ManagedSelector:423 dhgovindaraj-VirtualBox:2807 Destroyed SelectChannelEndPoint@717fee5d{/127.0.0.1:39557<->8080,CLOSED,ISHUT,OSHUT,-,-,1/30000,HttpConnection}{io=1,kio=-1,kro=-1}
2016-01-28 21:52:55 DEBUG AbstractConnection:181 dhgovindaraj-VirtualBox:2807 onClose HttpConnection@179c2468<--null
2016-01-28 21:52:55 DEBUG AbstractEndPoint:114 dhgovindaraj-VirtualBox:2807 onClose SelectChannelEndPoint@717fee5d{/127.0.0.1:39557<->8080,CLOSED,ISHUT,OSHUT,-,-,2/30000,HttpConnection}{io=1,kio=-1,kro=-1}
2016-01-28 21:52:55 DEBUG ExecuteProduceRun:193 dhgovindaraj-VirtualBox:2807 EPR Prod/org.eclipse.jetty.io.ManagedSelector$SelectorProducer@76ed3c00 ran org.eclipse.jetty.io.ManagedSelector$2@195e827
2016-01-28 21:52:55 DEBUG ExecuteProduceRun:206 dhgovindaraj-VirtualBox:2807 EPR Prod/org.eclipse.jetty.io.ManagedSelector$SelectorProducer@76ed3c00 produce exit
2016-01-28 21:52:55 DEBUG QueuedThreadPool:561 dhgovindaraj-VirtualBox:2807 ran EPR Prod/org.eclipse.jetty.io.ManagedSelector$SelectorProducer@76ed3c00
