2016-02-05 16:34:13 DEBUG WorkAppClient:98 dhgovindaraj-VirtualBox:3573 configFile:/home/dhgovindaraj/Documents/git_clone/WorkApp/WorkAppClient/config/dev_config.properties
2016-02-05 16:34:13 DEBUG WorkAppClient:98 dhgovindaraj-VirtualBox:3573 log4jPropFile:null
2016-02-05 16:34:13 DEBUG WorkAppClient:98 dhgovindaraj-VirtualBox:3573 logLevel:DEBUG
2016-02-05 16:34:13 DEBUG WorkAppClient:98 dhgovindaraj-VirtualBox:3573 mode:rest_client
2016-02-05 16:34:13 DEBUG WorkAppClient:98 dhgovindaraj-VirtualBox:3573 host:localhost
2016-02-05 16:34:13 DEBUG WorkAppClient:98 dhgovindaraj-VirtualBox:3573 port:8080
2016-02-05 16:35:49 DEBUG WorkAppClient:98 dhgovindaraj-VirtualBox:3856 configFile:/home/dhgovindaraj/Documents/git_clone/WorkApp/WorkAppClient/config/dev_config.properties
2016-02-05 16:35:49 DEBUG WorkAppClient:98 dhgovindaraj-VirtualBox:3856 log4jPropFile:null
2016-02-05 16:35:49 DEBUG WorkAppClient:98 dhgovindaraj-VirtualBox:3856 logLevel:DEBUG
2016-02-05 16:35:49 DEBUG WorkAppClient:98 dhgovindaraj-VirtualBox:3856 mode:rest_client
2016-02-05 16:35:49 DEBUG WorkAppClient:98 dhgovindaraj-VirtualBox:3856 host:localhost
2016-02-05 16:35:49 DEBUG WorkAppClient:98 dhgovindaraj-VirtualBox:3856 port:8080
2016-02-05 16:36:10 DEBUG WorkAppClient:98 dhgovindaraj-VirtualBox:3894 configFile:/home/dhgovindaraj/Documents/git_clone/WorkApp/WorkAppClient/config/dev_config.properties
2016-02-05 16:36:10 DEBUG WorkAppClient:98 dhgovindaraj-VirtualBox:3894 log4jPropFile:null
2016-02-05 16:36:10 DEBUG WorkAppClient:98 dhgovindaraj-VirtualBox:3894 logLevel:DEBUG
2016-02-05 16:36:10 DEBUG WorkAppClient:98 dhgovindaraj-VirtualBox:3894 mode:rest_client
2016-02-05 16:36:10 DEBUG WorkAppClient:98 dhgovindaraj-VirtualBox:3894 host:localhost
2016-02-05 16:36:10 DEBUG WorkAppClient:98 dhgovindaraj-VirtualBox:3894 port:8080
2016-02-05 16:36:34 DEBUG WorkAppClient:98 dhgovindaraj-VirtualBox:3914 configFile:/home/dhgovindaraj/Documents/git_clone/WorkApp/WorkAppClient/config/dev_config.properties
2016-02-05 16:36:34 DEBUG WorkAppClient:98 dhgovindaraj-VirtualBox:3914 log4jPropFile:/home/dhgovindaraj/Documents/git_clone/WorkApp/WorkAppClient/config/log4j.properties
2016-02-05 16:36:34 DEBUG WorkAppClient:98 dhgovindaraj-VirtualBox:3914 logLevel:DEBUG
2016-02-05 16:36:34 DEBUG WorkAppClient:98 dhgovindaraj-VirtualBox:3914 mode:rest_client
2016-02-05 16:36:34 DEBUG WorkAppClient:98 dhgovindaraj-VirtualBox:3914 host:localhost
2016-02-05 16:36:34 DEBUG WorkAppClient:98 dhgovindaraj-VirtualBox:3914 port:8080
2016-02-05 16:40:42 DEBUG WorkAppClient:98 dhgovindaraj-VirtualBox:4071 configFile:/home/dhgovindaraj/Documents/git_clone/WorkApp/WorkAppClient/config/dev_config.properties
2016-02-05 16:40:42 DEBUG WorkAppClient:98 dhgovindaraj-VirtualBox:4071 log4jPropFile:/home/dhgovindaraj/Documents/git_clone/WorkApp/WorkAppClient/config/log4j.properties
2016-02-05 16:40:42 DEBUG WorkAppClient:98 dhgovindaraj-VirtualBox:4071 logLevel:DEBUG
2016-02-05 16:40:42 DEBUG WorkAppClient:98 dhgovindaraj-VirtualBox:4071 mode:rest_client
2016-02-05 16:40:42 DEBUG WorkAppClient:98 dhgovindaraj-VirtualBox:4071 host:localhost
2016-02-05 16:40:42 DEBUG WorkAppClient:98 dhgovindaraj-VirtualBox:4071 port:8080
2016-02-05 16:41:09 DEBUG WorkAppClient:98 dhgovindaraj-VirtualBox:4207 configFile:/home/dhgovindaraj/Documents/git_clone/WorkApp/WorkAppClient/config/dev_config.properties
2016-02-05 16:41:09 DEBUG WorkAppClient:98 dhgovindaraj-VirtualBox:4207 log4jPropFile:/home/dhgovindaraj/Documents/git_clone/WorkApp/WorkAppClient/config/log4j.properties
2016-02-05 16:41:09 DEBUG WorkAppClient:98 dhgovindaraj-VirtualBox:4207 logLevel:DEBUG
2016-02-05 16:41:09 DEBUG WorkAppClient:98 dhgovindaraj-VirtualBox:4207 mode:rest_client
2016-02-05 16:41:09 DEBUG WorkAppClient:98 dhgovindaraj-VirtualBox:4207 host:localhost
2016-02-05 16:41:09 DEBUG WorkAppClient:98 dhgovindaraj-VirtualBox:4207 port:8080
2016-02-05 16:46:16 DEBUG WorkAppClient:98 dhgovindaraj-VirtualBox:4359 configFile:/home/dhgovindaraj/Documents/git_clone/WorkApp/WorkAppClient/config/dev_config.properties
2016-02-05 16:46:16 DEBUG WorkAppClient:98 dhgovindaraj-VirtualBox:4359 log4jPropFile:/home/dhgovindaraj/Documents/git_clone/WorkApp/WorkAppClient/config/log4j.properties
2016-02-05 16:46:16 DEBUG WorkAppClient:98 dhgovindaraj-VirtualBox:4359 logLevel:DEBUG
2016-02-05 16:46:16 DEBUG WorkAppClient:98 dhgovindaraj-VirtualBox:4359 mode:rest_client
2016-02-05 16:46:16 DEBUG WorkAppClient:98 dhgovindaraj-VirtualBox:4359 host:localhost
2016-02-05 16:46:16 DEBUG WorkAppClient:98 dhgovindaraj-VirtualBox:4359 port:8080
2016-02-05 16:48:11 DEBUG WorkAppClient:98 dhgovindaraj-VirtualBox:4419 configFile:/home/dhgovindaraj/Documents/git_clone/WorkApp/WorkAppClient/config/dev_config.properties
2016-02-05 16:48:11 DEBUG WorkAppClient:98 dhgovindaraj-VirtualBox:4419 log4jPropFile:/home/dhgovindaraj/Documents/git_clone/WorkApp/WorkAppClient/config/log4j.properties
2016-02-05 16:48:11 DEBUG WorkAppClient:98 dhgovindaraj-VirtualBox:4419 logLevel:DEBUG
2016-02-05 16:48:11 DEBUG WorkAppClient:98 dhgovindaraj-VirtualBox:4419 mode:rest_client
2016-02-05 16:48:11 DEBUG WorkAppClient:98 dhgovindaraj-VirtualBox:4419 host:localhost
2016-02-05 16:48:11 DEBUG WorkAppClient:98 dhgovindaraj-VirtualBox:4419 port:8080
